<?xml version="1.0" encoding="UTF-8"?>
<testsuite xmlns:xsi="http://www.w3.org/2001/XMLSchema-instance" xsi:noNamespaceSchemaLocation="https://maven.apache.org/surefire/maven-surefire-plugin/xsd/surefire-test-report-3.0.xsd" version="3.0" name="com.model.MathPuzzleTest" time="0.022" tests="8" errors="0" skipped="0" failures="0">
  <properties>
[...]
</properties>
  <testcase name="resetPuzzleClearsAnswerAndHintUsage" classname="com.model.MathPuzzleTest" time="0.002"/>
  <testcase name="getHintReturnsHintsSequentiallyThenStops" classname="com.model.MathPuzzleTest" time="0.0"/>
  <testcase name="checkAnswerEvaluatesStoredAnswerString" classname="com.model.MathPuzzleTest" time="0.0"/>
  <testcase name="checkAnswerStringUpdatesAnswerAndEvaluates" classname="com.model.MathPuzzleTest" time="0.0"/>
  <testcase name="checkAnswerUsingMapDetectsIncorrectSolutions" classname="com.model.MathPuzzleTest" time="0.0"/>
  <testcase name="evaluateSolutionSupportsNumericInput" classname="com.model.MathPuzzleTest" time="0.0"/>
  <testcase name="evaluateSolutionSupportsVariableAssignments" classname="com.model.MathPuzzleTest" time="0.0"/>
  <testcase name="evaluateSolutionReportsMissingAssignments" classname="com.model.MathPuzzleTest" time="0.0"/>
</testsuite>